<?xml version="1.0" encoding="UTF-8"?>
<testsuite name="Tests" tests="3" skipped="0" failures="0" errors="0" timestamp="2024-09-26T00:36:34" hostname="DESKTOP-S8JKGS7" time="0.013">
  <properties/>
  <testcase name="testWhenSolution" classname="Tests" time="0.008"/>
  <testcase name="testIfSolution" classname="Tests" time="0.004"/>
  <testcase name="testForSolution" classname="Tests" time="0.001"/>
  <system-out><![CDATA[]]></system-out>
  <system-err><![CDATA[]]></system-err>
</testsuite>
