<?xml version="1.0" encoding="UTF-8"?>
<testsuite name="ApplicationTest" tests="4" skipped="0" failures="0" errors="0" timestamp="2024-11-29T11:01:01" hostname="DESKTOP-S8JKGS7" time="3.835">
  <properties/>
  <testcase name="testBasic1()" classname="ApplicationTest" time="0.266"/>
  <testcase name="testBasic2()" classname="ApplicationTest" time="0.209"/>
  <testcase name="testFailApi()" classname="ApplicationTest" time="3.208"/>
  <testcase name="testFailUi()" classname="ApplicationTest" time="0.148"/>
  <system-out><![CDATA[]]></system-out>
  <system-err><![CDATA[]]></system-err>
</testsuite>
