<?xml version="1.0" encoding="UTF-8"?>
<testsuite name="OnceTest" tests="4" skipped="0" failures="0" errors="0" timestamp="2024-12-21T22:54:20" hostname="DESKTOP-S8JKGS7" time="1.786">
  <properties/>
  <testcase name="oneRun()" classname="OnceTest" time="0.023"/>
  <testcase name="runTwiceSequential()" classname="OnceTest" time="0.003"/>
  <testcase name="runMultipleParallel()" classname="OnceTest" time="1.32"/>
  <testcase name="runMultipleParallelWithFail()" classname="OnceTest" time="0.437"/>
  <system-out><![CDATA[]]></system-out>
  <system-err><![CDATA[]]></system-err>
</testsuite>
