<?xml version="1.0" encoding="UTF-8"?>
<testsuite name="CompetitionResultsTest" tests="4" skipped="0" failures="0" errors="0" timestamp="2024-11-29T11:34:54" hostname="DESKTOP-S8JKGS7" time="0.097">
  <properties/>
  <testcase name="testOneResult()" classname="CompetitionResultsTest" time="0.064"/>
  <testcase name="testFive()" classname="CompetitionResultsTest" time="0.004"/>
  <testcase name="testOnMutableFlow()" classname="CompetitionResultsTest" time="0.011"/>
  <testcase name="testScoreboardSimple()" classname="CompetitionResultsTest" time="0.015"/>
  <system-out><![CDATA[]]></system-out>
  <system-err><![CDATA[]]></system-err>
</testsuite>
