<?xml version="1.0" encoding="UTF-8"?>
<testsuite name="Tests" tests="5" skipped="0" failures="0" errors="0" timestamp="2024-09-26T00:36:32" hostname="DESKTOP-S8JKGS7" time="0.006">
  <properties/>
  <testcase name="testBooleanSum" classname="Tests" time="0.003"/>
  <testcase name="testSumOfDifferentTypes" classname="Tests" time="0.001"/>
  <testcase name="testLongSum" classname="Tests" time="0.0"/>
  <testcase name="testStringConcatenation" classname="Tests" time="0.001"/>
  <testcase name="testIntSum" classname="Tests" time="0.0"/>
  <system-out><![CDATA[]]></system-out>
  <system-err><![CDATA[]]></system-err>
</testsuite>
