<?xml version="1.0" encoding="UTF-8"?>
<testsuite name="Tests" tests="2" skipped="0" failures="0" errors="0" timestamp="2024-09-26T00:36:31" hostname="DESKTOP-S8JKGS7" time="0.006">
  <properties/>
  <testcase name="testNotNegative" classname="Tests" time="0.003"/>
  <testcase name="testNegative" classname="Tests" time="0.003"/>
  <system-out><![CDATA[]]></system-out>
  <system-err><![CDATA[]]></system-err>
</testsuite>
