<?xml version="1.0" encoding="UTF-8"?>
<testsuite name="Tests" tests="7" skipped="0" failures="0" errors="0" timestamp="2024-10-06T20:03:59" hostname="DESKTOP-S8JKGS7" time="0.007">
  <properties/>
  <testcase name="testExtensionHours" classname="Tests" time="0.004"/>
  <testcase name="testExtensionMilliseconds" classname="Tests" time="0.0"/>
  <testcase name="testExtensionMinutes" classname="Tests" time="0.0"/>
  <testcase name="testExtensionSeconds" classname="Tests" time="0.0"/>
  <testcase name="testOperationsMultiplication" classname="Tests" time="0.001"/>
  <testcase name="testOperationsPlus" classname="Tests" time="0.0"/>
  <testcase name="testOperationsSubtraction" classname="Tests" time="0.001"/>
  <system-out><![CDATA[]]></system-out>
  <system-err><![CDATA[]]></system-err>
</testsuite>
