<?xml version="1.0" encoding="UTF-8"?>
<testsuite name="Tests" tests="1" skipped="0" failures="0" errors="0" timestamp="2024-09-26T00:36:30" hostname="DESKTOP-S8JKGS7" time="0.045">
  <properties/>
  <testcase name="testSolution" classname="Tests" time="0.045"/>
  <system-out><![CDATA[]]></system-out>
  <system-err><![CDATA[]]></system-err>
</testsuite>
