<?xml version="1.0" encoding="UTF-8"?>
<testsuite name="Tests" tests="3" skipped="0" failures="0" errors="0" timestamp="2024-09-26T00:36:35" hostname="DESKTOP-S8JKGS7" time="0.018">
  <properties/>
  <testcase name="testBig" classname="Tests" time="0.017"/>
  <testcase name="testEmpty" classname="Tests" time="0.0"/>
  <testcase name="testSimple" classname="Tests" time="0.0"/>
  <system-out><![CDATA[]]></system-out>
  <system-err><![CDATA[]]></system-err>
</testsuite>
