<?xml version="1.0" encoding="UTF-8"?>
<testsuite name="Tests" tests="5" skipped="0" failures="0" errors="0" timestamp="2024-09-26T00:36:35" hostname="DESKTOP-S8JKGS7" time="0.013">
  <properties/>
  <testcase name="testMainWithSingleArgument" classname="Tests" time="0.009"/>
  <testcase name="testMainWithMultipleArgument" classname="Tests" time="0.0"/>
  <testcase name="testGreet" classname="Tests" time="0.001"/>
  <testcase name="testMainWithoutArguments" classname="Tests" time="0.001"/>
  <testcase name="testMainWithoutArgumentsReadline" classname="Tests" time="0.001"/>
  <system-out><![CDATA[]]></system-out>
  <system-err><![CDATA[]]></system-err>
</testsuite>
