<?xml version="1.0" encoding="UTF-8"?>
<testsuite name="Tests" tests="3" skipped="0" failures="0" errors="0" timestamp="2024-09-26T00:36:37" hostname="DESKTOP-S8JKGS7" time="0.007">
  <properties/>
  <testcase name="testPrimeCount" classname="Tests" time="0.006"/>
  <testcase name="testIsPrimeForNotPrimeNumbers" classname="Tests" time="0.001"/>
  <testcase name="testIsPrimeForPrimeNumbers" classname="Tests" time="0.0"/>
  <system-out><![CDATA[]]></system-out>
  <system-err><![CDATA[]]></system-err>
</testsuite>
